<?xml version="1.0" encoding="UTF-8"?>
<testng-results skipped="0" failed="0" total="3" passed="3">
  <reporter-output>
  </reporter-output>
  <suite name="Suite" duration-ms="34141" started-at="2017-04-28T08:45:06Z" finished-at="2017-04-28T08:45:40Z">
    <groups>
    </groups>
    <test name="FirefoxTest" duration-ms="17236" started-at="2017-04-28T08:45:06Z" finished-at="2017-04-28T08:45:23Z">
      <class name="sampleProject.SampleProjectExecution">
        <test-method status="PASS" signature="launchGmail(java.lang.String)[pri:0, instance:sampleProject.SampleProjectExecution@59494225]" name="launchGmail" duration-ms="17230" started-at="2017-04-28T14:15:06Z" finished-at="2017-04-28T14:15:23Z">
          <params>
            <param index="0">
              <value>
                <![CDATA[Firefox]]>
              </value>
            </param>
          </params>
          <reporter-output>
          </reporter-output>
        </test-method> <!-- launchGmail -->
      </class> <!-- sampleProject.SampleProjectExecution -->
    </test> <!-- FirefoxTest -->
    <test name="IETest" duration-ms="27797" started-at="2017-04-28T08:45:06Z" finished-at="2017-04-28T08:45:34Z">
      <class name="sampleProject.SampleProjectExecution">
        <test-method status="PASS" signature="launchGmail(java.lang.String)[pri:0, instance:sampleProject.SampleProjectExecution@3f49dace]" name="launchGmail" duration-ms="27749" started-at="2017-04-28T14:15:06Z" finished-at="2017-04-28T14:15:34Z">
          <params>
            <param index="0">
              <value>
                <![CDATA[IE]]>
              </value>
            </param>
          </params>
          <reporter-output>
          </reporter-output>
        </test-method> <!-- launchGmail -->
      </class> <!-- sampleProject.SampleProjectExecution -->
    </test> <!-- IETest -->
    <test name="ChromeTest" duration-ms="34141" started-at="2017-04-28T08:45:06Z" finished-at="2017-04-28T08:45:40Z">
      <class name="sampleProject.SampleProjectExecution">
        <test-method status="PASS" signature="launchGmail(java.lang.String)[pri:0, instance:sampleProject.SampleProjectExecution@4dfa3a9d]" name="launchGmail" duration-ms="34117" started-at="2017-04-28T14:15:06Z" finished-at="2017-04-28T14:15:40Z">
          <params>
            <param index="0">
              <value>
                <![CDATA[Chrome]]>
              </value>
            </param>
          </params>
          <reporter-output>
          </reporter-output>
        </test-method> <!-- launchGmail -->
      </class> <!-- sampleProject.SampleProjectExecution -->
    </test> <!-- ChromeTest -->
  </suite> <!-- Suite -->
</testng-results>
